Running: C:\Xilinx\14.7\ISE_DS\ISE\bin\nt64\unwrapped\fuse.exe -intstyle ise -incremental -lib secureip -o C:/meow/PROBABILITY/ALU/tb_ALU_isim_beh.exe -prj C:/meow/PROBABILITY/ALU/tb_ALU_beh.prj work.tb_ALU 
ISim P.20131013 (signature 0x7708f090)
Number of CPUs detected in this system: 8
Turning on mult-threading, number of parallel sub-compilation jobs: 16 
Determining compilation order of HDL files
Parsing VHDL file "C:/meow/PROBABILITY/ALU/ALU.vhd" into library work
Parsing VHDL file "C:/meow/PROBABILITY/ALU/test.vhd" into library work
Starting static elaboration
Completed static elaboration
Compiling package standard
Compiling package std_logic_1164
Compiling package std_logic_arith
Compiling package std_logic_signed
Compiling architecture behavioral of entity ALU [\ALU(1)\]
Compiling architecture behavior of entity tb_alu
Time Resolution for simulation is 1ps.
WARNING:Simulator - Unable to copy libPortabilityNOSH.dll to the simulation executable directory: boost::filesystem::copy_file: The system cannot find the path specified, "isim\tb_ALU_isim_beh.exe.sim\libPortability.dll".
Compiled 7 VHDL Units
Built simulation executable C:/meow/PROBABILITY/ALU/tb_ALU_isim_beh.exe
Fuse Memory Usage: 34660 KB
Fuse CPU Usage: 796 ms
